2017-10-24 19:57:36,633 INFO [org.springframework.test.context.support.DefaultTestContextBootstrapper] - Loaded default TestExecutionListener class names from location [META-INF/spring.factories]: [org.springframework.test.context.web.ServletTestExecutionListener, org.springframework.test.context.support.DirtiesContextBeforeModesTestExecutionListener, org.springframework.test.context.support.DependencyInjectionTestExecutionListener, org.springframework.test.context.support.DirtiesContextTestExecutionListener, org.springframework.test.context.transaction.TransactionalTestExecutionListener, org.springframework.test.context.jdbc.SqlScriptsTestExecutionListener]
2017-10-24 19:57:36,639 INFO [org.springframework.test.context.support.DefaultTestContextBootstrapper] - Could not instantiate TestExecutionListener [org.springframework.test.context.web.ServletTestExecutionListener]. Specify custom listener classes or make the default listener classes (and their required dependencies) available. Offending class: [javax/servlet/ServletContext]
2017-10-24 19:57:36,640 INFO [org.springframework.test.context.support.DefaultTestContextBootstrapper] - Could not instantiate TestExecutionListener [org.springframework.test.context.transaction.TransactionalTestExecutionListener]. Specify custom listener classes or make the default listener classes (and their required dependencies) available. Offending class: [org/springframework/transaction/interceptor/TransactionAttributeSource]
2017-10-24 19:57:36,643 INFO [org.springframework.test.context.support.DefaultTestContextBootstrapper] - Could not instantiate TestExecutionListener [org.springframework.test.context.jdbc.SqlScriptsTestExecutionListener]. Specify custom listener classes or make the default listener classes (and their required dependencies) available. Offending class: [org/springframework/transaction/interceptor/TransactionAttribute]
2017-10-24 19:57:36,643 INFO [org.springframework.test.context.support.DefaultTestContextBootstrapper] - Using TestExecutionListeners: [org.springframework.test.context.support.DirtiesContextBeforeModesTestExecutionListener@26be92ad, org.springframework.test.context.support.DependencyInjectionTestExecutionListener@4c70fda8, org.springframework.test.context.support.DirtiesContextTestExecutionListener@224edc67]
2017-10-24 19:57:36,746 INFO [org.springframework.beans.factory.xml.XmlBeanDefinitionReader] - Loading XML bean definitions from file [D:\eclipse\workspace_oxygen_spring\myspring\myspring-aop\target\classes\spring\spring-aop.xml]
2017-10-24 19:57:37,058 INFO [org.springframework.context.support.GenericApplicationContext] - Refreshing org.springframework.context.support.GenericApplicationContext@2d928643: startup date [Tue Oct 24 19:57:37 CST 2017]; root of context hierarchy
2017-10-24 19:57:37,449 INFO [cn.unicorn.myspring.aop.service.aop.ServiceAdvice] - [###ServiceAdvice-handleBefore###]进行业务的前置处理操作
2017-10-24 19:57:37,449 INFO [cn.unicorn.myspring.aop.service.aop.ServiceAdvice] - [###ServiceAdvice-handleBefore###]进行业务的后置处理操作
2017-10-24 19:57:37,451 INFO [org.springframework.context.support.GenericApplicationContext] - Closing org.springframework.context.support.GenericApplicationContext@2d928643: startup date [Tue Oct 24 19:57:37 CST 2017]; root of context hierarchy
2017-10-24 20:10:34,716 INFO [org.springframework.test.context.support.DefaultTestContextBootstrapper] - Loaded default TestExecutionListener class names from location [META-INF/spring.factories]: [org.springframework.test.context.web.ServletTestExecutionListener, org.springframework.test.context.support.DirtiesContextBeforeModesTestExecutionListener, org.springframework.test.context.support.DependencyInjectionTestExecutionListener, org.springframework.test.context.support.DirtiesContextTestExecutionListener, org.springframework.test.context.transaction.TransactionalTestExecutionListener, org.springframework.test.context.jdbc.SqlScriptsTestExecutionListener]
2017-10-24 20:10:34,719 INFO [org.springframework.test.context.support.DefaultTestContextBootstrapper] - Could not instantiate TestExecutionListener [org.springframework.test.context.web.ServletTestExecutionListener]. Specify custom listener classes or make the default listener classes (and their required dependencies) available. Offending class: [javax/servlet/ServletContext]
2017-10-24 20:10:34,720 INFO [org.springframework.test.context.support.DefaultTestContextBootstrapper] - Could not instantiate TestExecutionListener [org.springframework.test.context.transaction.TransactionalTestExecutionListener]. Specify custom listener classes or make the default listener classes (and their required dependencies) available. Offending class: [org/springframework/transaction/interceptor/TransactionAttributeSource]
2017-10-24 20:10:34,723 INFO [org.springframework.test.context.support.DefaultTestContextBootstrapper] - Could not instantiate TestExecutionListener [org.springframework.test.context.jdbc.SqlScriptsTestExecutionListener]. Specify custom listener classes or make the default listener classes (and their required dependencies) available. Offending class: [org/springframework/transaction/interceptor/TransactionAttribute]
2017-10-24 20:10:34,723 INFO [org.springframework.test.context.support.DefaultTestContextBootstrapper] - Using TestExecutionListeners: [org.springframework.test.context.support.DirtiesContextBeforeModesTestExecutionListener@26be92ad, org.springframework.test.context.support.DependencyInjectionTestExecutionListener@4c70fda8, org.springframework.test.context.support.DirtiesContextTestExecutionListener@224edc67]
2017-10-24 20:10:34,786 INFO [org.springframework.beans.factory.xml.XmlBeanDefinitionReader] - Loading XML bean definitions from file [D:\eclipse\workspace_oxygen_spring\myspring\myspring-aop\target\classes\spring\spring-aop.xml]
2017-10-24 20:10:34,951 INFO [org.springframework.context.support.GenericApplicationContext] - Refreshing org.springframework.context.support.GenericApplicationContext@2d928643: startup date [Tue Oct 24 20:10:34 CST 2017]; root of context hierarchy
2017-10-24 20:10:35,234 WARN [org.springframework.context.support.GenericApplicationContext] - Exception encountered during context initialization - cancelling refresh attempt: org.springframework.beans.factory.BeanCreationException: Error creating bean with name 'org.springframework.context.event.internalEventListenerProcessor': BeanPostProcessor before instantiation of bean failed; nested exception is org.springframework.beans.factory.BeanCreationException: Error creating bean with name 'org.springframework.aop.aspectj.AspectJPointcutAdvisor#0': Bean instantiation via constructor failed; nested exception is org.springframework.beans.BeanInstantiationException: Failed to instantiate [org.springframework.aop.aspectj.AspectJPointcutAdvisor]: Constructor threw exception; nested exception is java.lang.IllegalArgumentException: error at ::0 formal unbound in pointcut 
2017-10-24 20:10:35,239 ERROR [org.springframework.test.context.TestContextManager] - Caught exception while allowing TestExecutionListener [org.springframework.test.context.support.DependencyInjectionTestExecutionListener@4c70fda8] to prepare test instance [null(cn.unicorn.myspring.aop.service.test.TestAOPDemo)]
java.lang.IllegalStateException: Failed to load ApplicationContext
	at org.springframework.test.context.cache.DefaultCacheAwareContextLoaderDelegate.loadContext(DefaultCacheAwareContextLoaderDelegate.java:125)
	at org.springframework.test.context.support.DefaultTestContext.getApplicationContext(DefaultTestContext.java:107)
	at org.springframework.test.context.support.DependencyInjectionTestExecutionListener.injectDependencies(DependencyInjectionTestExecutionListener.java:117)
	at org.springframework.test.context.support.DependencyInjectionTestExecutionListener.prepareTestInstance(DependencyInjectionTestExecutionListener.java:83)
	at org.springframework.test.context.TestContextManager.prepareTestInstance(TestContextManager.java:242)
	at org.springframework.test.context.junit4.SpringJUnit4ClassRunner.createTest(SpringJUnit4ClassRunner.java:227)
	at org.springframework.test.context.junit4.SpringJUnit4ClassRunner$1.runReflectiveCall(SpringJUnit4ClassRunner.java:289)
	at org.junit.internal.runners.model.ReflectiveCallable.run(ReflectiveCallable.java:12)
	at org.springframework.test.context.junit4.SpringJUnit4ClassRunner.methodBlock(SpringJUnit4ClassRunner.java:291)
	at org.springframework.test.context.junit4.SpringJUnit4ClassRunner.runChild(SpringJUnit4ClassRunner.java:246)
	at org.springframework.test.context.junit4.SpringJUnit4ClassRunner.runChild(SpringJUnit4ClassRunner.java:97)
	at org.junit.runners.ParentRunner$3.run(ParentRunner.java:290)
	at org.junit.runners.ParentRunner$1.schedule(ParentRunner.java:71)
	at org.junit.runners.ParentRunner.runChildren(ParentRunner.java:288)
	at org.junit.runners.ParentRunner.access$000(ParentRunner.java:58)
	at org.junit.runners.ParentRunner$2.evaluate(ParentRunner.java:268)
	at org.springframework.test.context.junit4.statements.RunBeforeTestClassCallbacks.evaluate(RunBeforeTestClassCallbacks.java:61)
	at org.springframework.test.context.junit4.statements.RunAfterTestClassCallbacks.evaluate(RunAfterTestClassCallbacks.java:70)
	at org.junit.runners.ParentRunner.run(ParentRunner.java:363)
	at org.springframework.test.context.junit4.SpringJUnit4ClassRunner.run(SpringJUnit4ClassRunner.java:190)
	at org.eclipse.jdt.internal.junit4.runner.JUnit4TestReference.run(JUnit4TestReference.java:86)
	at org.eclipse.jdt.internal.junit.runner.TestExecution.run(TestExecution.java:38)
	at org.eclipse.jdt.internal.junit.runner.RemoteTestRunner.runTests(RemoteTestRunner.java:539)
	at org.eclipse.jdt.internal.junit.runner.RemoteTestRunner.runTests(RemoteTestRunner.java:761)
	at org.eclipse.jdt.internal.junit.runner.RemoteTestRunner.run(RemoteTestRunner.java:461)
	at org.eclipse.jdt.internal.junit.runner.RemoteTestRunner.main(RemoteTestRunner.java:207)
Caused by: org.springframework.beans.factory.BeanCreationException: Error creating bean with name 'org.springframework.context.event.internalEventListenerProcessor': BeanPostProcessor before instantiation of bean failed; nested exception is org.springframework.beans.factory.BeanCreationException: Error creating bean with name 'org.springframework.aop.aspectj.AspectJPointcutAdvisor#0': Bean instantiation via constructor failed; nested exception is org.springframework.beans.BeanInstantiationException: Failed to instantiate [org.springframework.aop.aspectj.AspectJPointcutAdvisor]: Constructor threw exception; nested exception is java.lang.IllegalArgumentException: error at ::0 formal unbound in pointcut 
	at org.springframework.beans.factory.support.AbstractAutowireCapableBeanFactory.createBean(AbstractAutowireCapableBeanFactory.java:497)
	at org.springframework.beans.factory.support.AbstractBeanFactory.lambda$doGetBean$0(AbstractBeanFactory.java:312)
	at org.springframework.beans.factory.support.DefaultSingletonBeanRegistry.getSingleton(DefaultSingletonBeanRegistry.java:228)
	at org.springframework.beans.factory.support.AbstractBeanFactory.doGetBean(AbstractBeanFactory.java:310)
	at org.springframework.beans.factory.support.AbstractBeanFactory.getBean(AbstractBeanFactory.java:200)
	at org.springframework.beans.factory.support.DefaultListableBeanFactory.preInstantiateSingletons(DefaultListableBeanFactory.java:756)
	at org.springframework.context.support.AbstractApplicationContext.finishBeanFactoryInitialization(AbstractApplicationContext.java:868)
	at org.springframework.context.support.AbstractApplicationContext.refresh(AbstractApplicationContext.java:549)
	at org.springframework.test.context.support.AbstractGenericContextLoader.loadContext(AbstractGenericContextLoader.java:128)
	at org.springframework.test.context.support.AbstractGenericContextLoader.loadContext(AbstractGenericContextLoader.java:60)
	at org.springframework.test.context.support.AbstractDelegatingSmartContextLoader.delegateLoading(AbstractDelegatingSmartContextLoader.java:109)
	at org.springframework.test.context.support.AbstractDelegatingSmartContextLoader.loadContext(AbstractDelegatingSmartContextLoader.java:246)
	at org.springframework.test.context.cache.DefaultCacheAwareContextLoaderDelegate.loadContextInternal(DefaultCacheAwareContextLoaderDelegate.java:99)
	at org.springframework.test.context.cache.DefaultCacheAwareContextLoaderDelegate.loadContext(DefaultCacheAwareContextLoaderDelegate.java:117)
	... 25 more
Caused by: org.springframework.beans.factory.BeanCreationException: Error creating bean with name 'org.springframework.aop.aspectj.AspectJPointcutAdvisor#0': Bean instantiation via constructor failed; nested exception is org.springframework.beans.BeanInstantiationException: Failed to instantiate [org.springframework.aop.aspectj.AspectJPointcutAdvisor]: Constructor threw exception; nested exception is java.lang.IllegalArgumentException: error at ::0 formal unbound in pointcut 
	at org.springframework.beans.factory.support.ConstructorResolver.autowireConstructor(ConstructorResolver.java:278)
	at org.springframework.beans.factory.support.AbstractAutowireCapableBeanFactory.autowireConstructor(AbstractAutowireCapableBeanFactory.java:1269)
	at org.springframework.beans.factory.support.AbstractAutowireCapableBeanFactory.createBeanInstance(AbstractAutowireCapableBeanFactory.java:1126)
	at org.springframework.beans.factory.support.AbstractAutowireCapableBeanFactory.doCreateBean(AbstractAutowireCapableBeanFactory.java:545)
	at org.springframework.beans.factory.support.AbstractAutowireCapableBeanFactory.createBean(AbstractAutowireCapableBeanFactory.java:502)
	at org.springframework.beans.factory.support.AbstractBeanFactory.lambda$doGetBean$0(AbstractBeanFactory.java:312)
	at org.springframework.beans.factory.support.DefaultSingletonBeanRegistry.getSingleton(DefaultSingletonBeanRegistry.java:228)
	at org.springframework.beans.factory.support.AbstractBeanFactory.doGetBean(AbstractBeanFactory.java:310)
	at org.springframework.beans.factory.support.AbstractBeanFactory.getBean(AbstractBeanFactory.java:205)
	at org.springframework.aop.framework.autoproxy.BeanFactoryAdvisorRetrievalHelper.findAdvisorBeans(BeanFactoryAdvisorRetrievalHelper.java:94)
	at org.springframework.aop.framework.autoproxy.AbstractAdvisorAutoProxyCreator.findCandidateAdvisors(AbstractAdvisorAutoProxyCreator.java:107)
	at org.springframework.aop.aspectj.autoproxy.AspectJAwareAdvisorAutoProxyCreator.shouldSkip(AspectJAwareAdvisorAutoProxyCreator.java:103)
	at org.springframework.aop.framework.autoproxy.AbstractAutoProxyCreator.postProcessBeforeInstantiation(AbstractAutoProxyCreator.java:254)
	at org.springframework.beans.factory.support.AbstractAutowireCapableBeanFactory.applyBeanPostProcessorsBeforeInstantiation(AbstractAutowireCapableBeanFactory.java:1062)
	at org.springframework.beans.factory.support.AbstractAutowireCapableBeanFactory.resolveBeforeInstantiation(AbstractAutowireCapableBeanFactory.java:1035)
	at org.springframework.beans.factory.support.AbstractAutowireCapableBeanFactory.createBean(AbstractAutowireCapableBeanFactory.java:491)
	... 38 more
Caused by: org.springframework.beans.BeanInstantiationException: Failed to instantiate [org.springframework.aop.aspectj.AspectJPointcutAdvisor]: Constructor threw exception; nested exception is java.lang.IllegalArgumentException: error at ::0 formal unbound in pointcut 
	at org.springframework.beans.BeanUtils.instantiateClass(BeanUtils.java:175)
	at org.springframework.beans.factory.support.SimpleInstantiationStrategy.instantiate(SimpleInstantiationStrategy.java:118)
	at org.springframework.beans.factory.support.ConstructorResolver.autowireConstructor(ConstructorResolver.java:271)
	... 53 more
Caused by: java.lang.IllegalArgumentException: error at ::0 formal unbound in pointcut 
	at org.aspectj.weaver.tools.PointcutParser.parsePointcutExpression(PointcutParser.java:301)
	at org.springframework.aop.aspectj.AspectJExpressionPointcut.buildPointcutExpression(AspectJExpressionPointcut.java:226)
	at org.springframework.aop.aspectj.AspectJExpressionPointcut.obtainPointcutExpression(AspectJExpressionPointcut.java:197)
	at org.springframework.aop.aspectj.AspectJExpressionPointcut.getMethodMatcher(AspectJExpressionPointcut.java:182)
	at org.springframework.aop.aspectj.AbstractAspectJAdvice.buildSafePointcut(AbstractAspectJAdvice.java:202)
	at org.springframework.aop.aspectj.AspectJPointcutAdvisor.<init>(AspectJPointcutAdvisor.java:52)
	at sun.reflect.NativeConstructorAccessorImpl.newInstance0(Native Method)
	at sun.reflect.NativeConstructorAccessorImpl.newInstance(Unknown Source)
	at sun.reflect.DelegatingConstructorAccessorImpl.newInstance(Unknown Source)
	at java.lang.reflect.Constructor.newInstance(Unknown Source)
	at org.springframework.beans.BeanUtils.instantiateClass(BeanUtils.java:163)
	... 55 more
2017-10-24 20:15:53,120 INFO [org.springframework.test.context.support.DefaultTestContextBootstrapper] - Loaded default TestExecutionListener class names from location [META-INF/spring.factories]: [org.springframework.test.context.web.ServletTestExecutionListener, org.springframework.test.context.support.DirtiesContextBeforeModesTestExecutionListener, org.springframework.test.context.support.DependencyInjectionTestExecutionListener, org.springframework.test.context.support.DirtiesContextTestExecutionListener, org.springframework.test.context.transaction.TransactionalTestExecutionListener, org.springframework.test.context.jdbc.SqlScriptsTestExecutionListener]
2017-10-24 20:15:53,124 INFO [org.springframework.test.context.support.DefaultTestContextBootstrapper] - Could not instantiate TestExecutionListener [org.springframework.test.context.web.ServletTestExecutionListener]. Specify custom listener classes or make the default listener classes (and their required dependencies) available. Offending class: [javax/servlet/ServletContext]
2017-10-24 20:15:53,124 INFO [org.springframework.test.context.support.DefaultTestContextBootstrapper] - Could not instantiate TestExecutionListener [org.springframework.test.context.transaction.TransactionalTestExecutionListener]. Specify custom listener classes or make the default listener classes (and their required dependencies) available. Offending class: [org/springframework/transaction/interceptor/TransactionAttributeSource]
2017-10-24 20:15:53,128 INFO [org.springframework.test.context.support.DefaultTestContextBootstrapper] - Could not instantiate TestExecutionListener [org.springframework.test.context.jdbc.SqlScriptsTestExecutionListener]. Specify custom listener classes or make the default listener classes (and their required dependencies) available. Offending class: [org/springframework/transaction/interceptor/TransactionAttribute]
2017-10-24 20:15:53,128 INFO [org.springframework.test.context.support.DefaultTestContextBootstrapper] - Using TestExecutionListeners: [org.springframework.test.context.support.DirtiesContextBeforeModesTestExecutionListener@26be92ad, org.springframework.test.context.support.DependencyInjectionTestExecutionListener@4c70fda8, org.springframework.test.context.support.DirtiesContextTestExecutionListener@224edc67]
2017-10-24 20:15:53,197 INFO [org.springframework.beans.factory.xml.XmlBeanDefinitionReader] - Loading XML bean definitions from file [D:\eclipse\workspace_oxygen_spring\myspring\myspring-aop\target\classes\spring\spring-aop.xml]
2017-10-24 20:15:53,371 INFO [org.springframework.context.support.GenericApplicationContext] - Refreshing org.springframework.context.support.GenericApplicationContext@2d928643: startup date [Tue Oct 24 20:15:53 CST 2017]; root of context hierarchy
2017-10-24 20:15:53,734 INFO [cn.unicorn.myspring.aop.service.aop.ServiceAdvice] - [###ServiceAdvice-handleBefore###]进行业务的前置处理操作。接收参数内容为: 哔哩哔哩干杯
2017-10-24 20:15:53,735 INFO [cn.unicorn.myspring.aop.service.aop.ServiceAdvice] - [###ServiceAdvice-handleBefore###]进行业务的后置处理操作
2017-10-24 20:15:53,735 INFO [cn.unicorn.myspring.aop.service.aop.ServiceAdvice] - [###3.ServiceAdvice-handleReturn###]业务方法执行完毕[ECHO]msg = 哔哩哔哩干杯
2017-10-24 20:15:53,737 INFO [org.springframework.context.support.GenericApplicationContext] - Closing org.springframework.context.support.GenericApplicationContext@2d928643: startup date [Tue Oct 24 20:15:53 CST 2017]; root of context hierarchy
2017-10-24 20:20:55,134 INFO [org.springframework.test.context.support.DefaultTestContextBootstrapper] - Loaded default TestExecutionListener class names from location [META-INF/spring.factories]: [org.springframework.test.context.web.ServletTestExecutionListener, org.springframework.test.context.support.DirtiesContextBeforeModesTestExecutionListener, org.springframework.test.context.support.DependencyInjectionTestExecutionListener, org.springframework.test.context.support.DirtiesContextTestExecutionListener, org.springframework.test.context.transaction.TransactionalTestExecutionListener, org.springframework.test.context.jdbc.SqlScriptsTestExecutionListener]
2017-10-24 20:20:55,137 INFO [org.springframework.test.context.support.DefaultTestContextBootstrapper] - Could not instantiate TestExecutionListener [org.springframework.test.context.web.ServletTestExecutionListener]. Specify custom listener classes or make the default listener classes (and their required dependencies) available. Offending class: [javax/servlet/ServletContext]
2017-10-24 20:20:55,138 INFO [org.springframework.test.context.support.DefaultTestContextBootstrapper] - Could not instantiate TestExecutionListener [org.springframework.test.context.transaction.TransactionalTestExecutionListener]. Specify custom listener classes or make the default listener classes (and their required dependencies) available. Offending class: [org/springframework/transaction/interceptor/TransactionAttributeSource]
2017-10-24 20:20:55,141 INFO [org.springframework.test.context.support.DefaultTestContextBootstrapper] - Could not instantiate TestExecutionListener [org.springframework.test.context.jdbc.SqlScriptsTestExecutionListener]. Specify custom listener classes or make the default listener classes (and their required dependencies) available. Offending class: [org/springframework/transaction/interceptor/TransactionAttribute]
2017-10-24 20:20:55,141 INFO [org.springframework.test.context.support.DefaultTestContextBootstrapper] - Using TestExecutionListeners: [org.springframework.test.context.support.DirtiesContextBeforeModesTestExecutionListener@26be92ad, org.springframework.test.context.support.DependencyInjectionTestExecutionListener@4c70fda8, org.springframework.test.context.support.DirtiesContextTestExecutionListener@224edc67]
2017-10-24 20:20:55,201 INFO [org.springframework.beans.factory.xml.XmlBeanDefinitionReader] - Loading XML bean definitions from file [D:\eclipse\workspace_oxygen_spring\myspring\myspring-aop\target\classes\spring\spring-aop.xml]
2017-10-24 20:20:55,379 INFO [org.springframework.context.support.GenericApplicationContext] - Refreshing org.springframework.context.support.GenericApplicationContext@2d928643: startup date [Tue Oct 24 20:20:55 CST 2017]; root of context hierarchy
2017-10-24 20:20:55,739 INFO [cn.unicorn.myspring.aop.service.aop.ServiceAdvice] - [###ServiceAdvice-handleBefore###]进行业务的前置处理操作。接收参数内容为: 哔哩哔哩干杯
2017-10-24 20:20:55,739 INFO [cn.unicorn.myspring.aop.service.aop.ServiceAdvice] - [###ServiceAdvice-handleBefore###]进行业务的后置处理操作
2017-10-24 20:20:55,739 INFO [cn.unicorn.myspring.aop.service.aop.ServiceAdvice] - [###3.ServiceAdvice-handleReturn###]业务方法执行完毕[ECHO]msg = 哔哩哔哩干杯
2017-10-24 20:20:55,751 INFO [org.springframework.context.support.GenericApplicationContext] - Closing org.springframework.context.support.GenericApplicationContext@2d928643: startup date [Tue Oct 24 20:20:55 CST 2017]; root of context hierarchy
2017-10-24 20:21:04,948 INFO [org.springframework.test.context.support.DefaultTestContextBootstrapper] - Loaded default TestExecutionListener class names from location [META-INF/spring.factories]: [org.springframework.test.context.web.ServletTestExecutionListener, org.springframework.test.context.support.DirtiesContextBeforeModesTestExecutionListener, org.springframework.test.context.support.DependencyInjectionTestExecutionListener, org.springframework.test.context.support.DirtiesContextTestExecutionListener, org.springframework.test.context.transaction.TransactionalTestExecutionListener, org.springframework.test.context.jdbc.SqlScriptsTestExecutionListener]
2017-10-24 20:21:04,952 INFO [org.springframework.test.context.support.DefaultTestContextBootstrapper] - Could not instantiate TestExecutionListener [org.springframework.test.context.web.ServletTestExecutionListener]. Specify custom listener classes or make the default listener classes (and their required dependencies) available. Offending class: [javax/servlet/ServletContext]
2017-10-24 20:21:04,953 INFO [org.springframework.test.context.support.DefaultTestContextBootstrapper] - Could not instantiate TestExecutionListener [org.springframework.test.context.transaction.TransactionalTestExecutionListener]. Specify custom listener classes or make the default listener classes (and their required dependencies) available. Offending class: [org/springframework/transaction/interceptor/TransactionAttributeSource]
2017-10-24 20:21:04,957 INFO [org.springframework.test.context.support.DefaultTestContextBootstrapper] - Could not instantiate TestExecutionListener [org.springframework.test.context.jdbc.SqlScriptsTestExecutionListener]. Specify custom listener classes or make the default listener classes (and their required dependencies) available. Offending class: [org/springframework/transaction/interceptor/TransactionAttribute]
2017-10-24 20:21:04,957 INFO [org.springframework.test.context.support.DefaultTestContextBootstrapper] - Using TestExecutionListeners: [org.springframework.test.context.support.DirtiesContextBeforeModesTestExecutionListener@26be92ad, org.springframework.test.context.support.DependencyInjectionTestExecutionListener@4c70fda8, org.springframework.test.context.support.DirtiesContextTestExecutionListener@224edc67]
2017-10-24 20:21:05,022 INFO [org.springframework.beans.factory.xml.XmlBeanDefinitionReader] - Loading XML bean definitions from file [D:\eclipse\workspace_oxygen_spring\myspring\myspring-aop\target\classes\spring\spring-aop.xml]
2017-10-24 20:21:05,200 INFO [org.springframework.context.support.GenericApplicationContext] - Refreshing org.springframework.context.support.GenericApplicationContext@2d928643: startup date [Tue Oct 24 20:21:05 CST 2017]; root of context hierarchy
2017-10-24 20:21:05,565 INFO [cn.unicorn.myspring.aop.service.aop.ServiceAdvice] - [###ServiceAdvice-handleBefore###]进行业务的前置处理操作。接收参数内容为: mldn
2017-10-24 20:21:05,566 INFO [cn.unicorn.myspring.aop.service.aop.ServiceAdvice] - [###ServiceAdvice-handleBefore###]进行业务的后置处理操作
2017-10-24 20:21:05,577 INFO [org.springframework.context.support.GenericApplicationContext] - Closing org.springframework.context.support.GenericApplicationContext@2d928643: startup date [Tue Oct 24 20:21:05 CST 2017]; root of context hierarchy
2017-10-24 20:59:34,103 INFO [org.springframework.test.context.support.DefaultTestContextBootstrapper] - Loaded default TestExecutionListener class names from location [META-INF/spring.factories]: [org.springframework.test.context.web.ServletTestExecutionListener, org.springframework.test.context.support.DirtiesContextBeforeModesTestExecutionListener, org.springframework.test.context.support.DependencyInjectionTestExecutionListener, org.springframework.test.context.support.DirtiesContextTestExecutionListener, org.springframework.test.context.transaction.TransactionalTestExecutionListener, org.springframework.test.context.jdbc.SqlScriptsTestExecutionListener]
2017-10-24 20:59:34,103 INFO [org.springframework.test.context.support.DefaultTestContextBootstrapper] - Could not instantiate TestExecutionListener [org.springframework.test.context.web.ServletTestExecutionListener]. Specify custom listener classes or make the default listener classes (and their required dependencies) available. Offending class: [javax/servlet/ServletContext]
2017-10-24 20:59:34,103 INFO [org.springframework.test.context.support.DefaultTestContextBootstrapper] - Could not instantiate TestExecutionListener [org.springframework.test.context.transaction.TransactionalTestExecutionListener]. Specify custom listener classes or make the default listener classes (and their required dependencies) available. Offending class: [org/springframework/transaction/interceptor/TransactionAttributeSource]
2017-10-24 20:59:34,119 INFO [org.springframework.test.context.support.DefaultTestContextBootstrapper] - Could not instantiate TestExecutionListener [org.springframework.test.context.jdbc.SqlScriptsTestExecutionListener]. Specify custom listener classes or make the default listener classes (and their required dependencies) available. Offending class: [org/springframework/transaction/interceptor/TransactionAttribute]
2017-10-24 20:59:34,119 INFO [org.springframework.test.context.support.DefaultTestContextBootstrapper] - Using TestExecutionListeners: [org.springframework.test.context.support.DirtiesContextBeforeModesTestExecutionListener@26be92ad, org.springframework.test.context.support.DependencyInjectionTestExecutionListener@4c70fda8, org.springframework.test.context.support.DirtiesContextTestExecutionListener@224edc67]
2017-10-24 20:59:34,197 INFO [org.springframework.beans.factory.xml.XmlBeanDefinitionReader] - Loading XML bean definitions from file [D:\eclipse\workspace_oxygen_spring\myspring\myspring-aop\target\classes\spring\spring-aop.xml]
2017-10-24 20:59:34,369 INFO [org.springframework.context.support.GenericApplicationContext] - Refreshing org.springframework.context.support.GenericApplicationContext@2d928643: startup date [Tue Oct 24 20:59:34 CST 2017]; root of context hierarchy
2017-10-24 20:59:34,697 INFO [cn.unicorn.myspring.aop.service.aop.ServiceAdvice] - [###ServiceAdvice-handleBefore###]进行业务的前置处理操作。接收参数内容为: 哔哩哔哩干杯
2017-10-24 20:59:34,712 INFO [cn.unicorn.myspring.aop.service.aop.ServiceAdvice] - [###3.ServiceAdvice-handleReturn###]业务方法执行完毕[ECHO]msg = 假的参数
2017-10-24 20:59:34,712 INFO [cn.unicorn.myspring.aop.service.aop.ServiceAdvice] - [###ServiceAdvice-handleBefore###]进行业务的后置处理操作
2017-10-24 20:59:34,713 INFO [org.springframework.context.support.GenericApplicationContext] - Closing org.springframework.context.support.GenericApplicationContext@2d928643: startup date [Tue Oct 24 20:59:34 CST 2017]; root of context hierarchy
2017-10-24 21:10:40,499 INFO [org.springframework.test.context.support.DefaultTestContextBootstrapper] - Loaded default TestExecutionListener class names from location [META-INF/spring.factories]: [org.springframework.test.context.web.ServletTestExecutionListener, org.springframework.test.context.support.DirtiesContextBeforeModesTestExecutionListener, org.springframework.test.context.support.DependencyInjectionTestExecutionListener, org.springframework.test.context.support.DirtiesContextTestExecutionListener, org.springframework.test.context.transaction.TransactionalTestExecutionListener, org.springframework.test.context.jdbc.SqlScriptsTestExecutionListener]
2017-10-24 21:10:40,503 INFO [org.springframework.test.context.support.DefaultTestContextBootstrapper] - Could not instantiate TestExecutionListener [org.springframework.test.context.web.ServletTestExecutionListener]. Specify custom listener classes or make the default listener classes (and their required dependencies) available. Offending class: [javax/servlet/ServletContext]
2017-10-24 21:10:40,503 INFO [org.springframework.test.context.support.DefaultTestContextBootstrapper] - Could not instantiate TestExecutionListener [org.springframework.test.context.transaction.TransactionalTestExecutionListener]. Specify custom listener classes or make the default listener classes (and their required dependencies) available. Offending class: [org/springframework/transaction/interceptor/TransactionAttributeSource]
2017-10-24 21:10:40,506 INFO [org.springframework.test.context.support.DefaultTestContextBootstrapper] - Could not instantiate TestExecutionListener [org.springframework.test.context.jdbc.SqlScriptsTestExecutionListener]. Specify custom listener classes or make the default listener classes (and their required dependencies) available. Offending class: [org/springframework/transaction/interceptor/TransactionAttribute]
2017-10-24 21:10:40,507 INFO [org.springframework.test.context.support.DefaultTestContextBootstrapper] - Using TestExecutionListeners: [org.springframework.test.context.support.DirtiesContextBeforeModesTestExecutionListener@26be92ad, org.springframework.test.context.support.DependencyInjectionTestExecutionListener@4c70fda8, org.springframework.test.context.support.DirtiesContextTestExecutionListener@224edc67]
2017-10-24 21:10:40,577 INFO [org.springframework.beans.factory.xml.XmlBeanDefinitionReader] - Loading XML bean definitions from file [D:\eclipse\workspace_oxygen_spring\myspring\myspring-aop\target\classes\spring\spring-aop.xml]
2017-10-24 21:10:40,767 INFO [org.springframework.context.support.GenericApplicationContext] - Refreshing org.springframework.context.support.GenericApplicationContext@2d928643: startup date [Tue Oct 24 21:10:40 CST 2017]; root of context hierarchy
2017-10-24 21:10:41,149 INFO [cn.unicorn.myspring.aop.service.aop.ServiceAdvice] - [###ServiceAdvice-handleBefore###]进行业务的前置处理操作。接收参数内容为: 假的参数
2017-10-24 21:10:41,149 INFO [cn.unicorn.myspring.aop.service.aop.ServiceAdvice] - [###ServiceAdvice-handleBefore###]进行业务的后置处理操作
2017-10-24 21:10:41,149 INFO [cn.unicorn.myspring.aop.service.aop.ServiceAdvice] - [###3.ServiceAdvice-handleReturn###]业务方法执行完毕[ECHO]msg = 假的参数
2017-10-24 21:10:41,151 INFO [org.springframework.context.support.GenericApplicationContext] - Closing org.springframework.context.support.GenericApplicationContext@2d928643: startup date [Tue Oct 24 21:10:40 CST 2017]; root of context hierarchy
2017-10-24 21:10:50,850 INFO [org.springframework.test.context.support.DefaultTestContextBootstrapper] - Loaded default TestExecutionListener class names from location [META-INF/spring.factories]: [org.springframework.test.context.web.ServletTestExecutionListener, org.springframework.test.context.support.DirtiesContextBeforeModesTestExecutionListener, org.springframework.test.context.support.DependencyInjectionTestExecutionListener, org.springframework.test.context.support.DirtiesContextTestExecutionListener, org.springframework.test.context.transaction.TransactionalTestExecutionListener, org.springframework.test.context.jdbc.SqlScriptsTestExecutionListener]
2017-10-24 21:10:50,854 INFO [org.springframework.test.context.support.DefaultTestContextBootstrapper] - Could not instantiate TestExecutionListener [org.springframework.test.context.web.ServletTestExecutionListener]. Specify custom listener classes or make the default listener classes (and their required dependencies) available. Offending class: [javax/servlet/ServletContext]
2017-10-24 21:10:50,854 INFO [org.springframework.test.context.support.DefaultTestContextBootstrapper] - Could not instantiate TestExecutionListener [org.springframework.test.context.transaction.TransactionalTestExecutionListener]. Specify custom listener classes or make the default listener classes (and their required dependencies) available. Offending class: [org/springframework/transaction/interceptor/TransactionAttributeSource]
2017-10-24 21:10:50,857 INFO [org.springframework.test.context.support.DefaultTestContextBootstrapper] - Could not instantiate TestExecutionListener [org.springframework.test.context.jdbc.SqlScriptsTestExecutionListener]. Specify custom listener classes or make the default listener classes (and their required dependencies) available. Offending class: [org/springframework/transaction/interceptor/TransactionAttribute]
2017-10-24 21:10:50,857 INFO [org.springframework.test.context.support.DefaultTestContextBootstrapper] - Using TestExecutionListeners: [org.springframework.test.context.support.DirtiesContextBeforeModesTestExecutionListener@26be92ad, org.springframework.test.context.support.DependencyInjectionTestExecutionListener@4c70fda8, org.springframework.test.context.support.DirtiesContextTestExecutionListener@224edc67]
2017-10-24 21:10:50,920 INFO [org.springframework.beans.factory.xml.XmlBeanDefinitionReader] - Loading XML bean definitions from file [D:\eclipse\workspace_oxygen_spring\myspring\myspring-aop\target\classes\spring\spring-aop.xml]
2017-10-24 21:10:51,100 INFO [org.springframework.context.support.GenericApplicationContext] - Refreshing org.springframework.context.support.GenericApplicationContext@2d928643: startup date [Tue Oct 24 21:10:51 CST 2017]; root of context hierarchy
2017-10-24 21:10:51,434 INFO [cn.unicorn.myspring.aop.service.aop.ServiceAdvice] - [###ServiceAdvice-handleBefore###]进行业务的前置处理操作。接收参数内容为: 假的参数
2017-10-24 21:10:51,434 INFO [cn.unicorn.myspring.aop.service.aop.ServiceAdvice] - [###ServiceAdvice-handleBefore###]进行业务的后置处理操作
2017-10-24 21:10:51,434 INFO [cn.unicorn.myspring.aop.service.aop.ServiceAdvice] - [###3.ServiceAdvice-handleReturn###]业务方法执行完毕[ECHO]msg = 假的参数
2017-10-24 21:10:51,436 INFO [org.springframework.context.support.GenericApplicationContext] - Closing org.springframework.context.support.GenericApplicationContext@2d928643: startup date [Tue Oct 24 21:10:51 CST 2017]; root of context hierarchy
2017-10-24 21:11:00,874 INFO [org.springframework.test.context.support.DefaultTestContextBootstrapper] - Loaded default TestExecutionListener class names from location [META-INF/spring.factories]: [org.springframework.test.context.web.ServletTestExecutionListener, org.springframework.test.context.support.DirtiesContextBeforeModesTestExecutionListener, org.springframework.test.context.support.DependencyInjectionTestExecutionListener, org.springframework.test.context.support.DirtiesContextTestExecutionListener, org.springframework.test.context.transaction.TransactionalTestExecutionListener, org.springframework.test.context.jdbc.SqlScriptsTestExecutionListener]
2017-10-24 21:11:00,878 INFO [org.springframework.test.context.support.DefaultTestContextBootstrapper] - Could not instantiate TestExecutionListener [org.springframework.test.context.web.ServletTestExecutionListener]. Specify custom listener classes or make the default listener classes (and their required dependencies) available. Offending class: [javax/servlet/ServletContext]
2017-10-24 21:11:00,879 INFO [org.springframework.test.context.support.DefaultTestContextBootstrapper] - Could not instantiate TestExecutionListener [org.springframework.test.context.transaction.TransactionalTestExecutionListener]. Specify custom listener classes or make the default listener classes (and their required dependencies) available. Offending class: [org/springframework/transaction/interceptor/TransactionAttributeSource]
2017-10-24 21:11:00,882 INFO [org.springframework.test.context.support.DefaultTestContextBootstrapper] - Could not instantiate TestExecutionListener [org.springframework.test.context.jdbc.SqlScriptsTestExecutionListener]. Specify custom listener classes or make the default listener classes (and their required dependencies) available. Offending class: [org/springframework/transaction/interceptor/TransactionAttribute]
2017-10-24 21:11:00,883 INFO [org.springframework.test.context.support.DefaultTestContextBootstrapper] - Using TestExecutionListeners: [org.springframework.test.context.support.DirtiesContextBeforeModesTestExecutionListener@26be92ad, org.springframework.test.context.support.DependencyInjectionTestExecutionListener@4c70fda8, org.springframework.test.context.support.DirtiesContextTestExecutionListener@224edc67]
2017-10-24 21:11:00,950 INFO [org.springframework.beans.factory.xml.XmlBeanDefinitionReader] - Loading XML bean definitions from file [D:\eclipse\workspace_oxygen_spring\myspring\myspring-aop\target\classes\spring\spring-aop.xml]
2017-10-24 21:11:01,113 INFO [org.springframework.context.support.GenericApplicationContext] - Refreshing org.springframework.context.support.GenericApplicationContext@2d928643: startup date [Tue Oct 24 21:11:01 CST 2017]; root of context hierarchy
2017-10-24 21:11:01,422 INFO [cn.unicorn.myspring.aop.service.aop.ServiceAdvice] - [###ServiceAdvice-handleBefore###]进行业务的前置处理操作。接收参数内容为: 假的参数
2017-10-24 21:11:01,422 INFO [cn.unicorn.myspring.aop.service.aop.ServiceAdvice] - [###ServiceAdvice-handleBefore###]进行业务的后置处理操作
2017-10-24 21:11:01,422 INFO [cn.unicorn.myspring.aop.service.aop.ServiceAdvice] - [###3.ServiceAdvice-handleReturn###]业务方法执行完毕[ECHO]msg = 假的参数
2017-10-24 21:11:01,422 INFO [org.springframework.context.support.GenericApplicationContext] - Closing org.springframework.context.support.GenericApplicationContext@2d928643: startup date [Tue Oct 24 21:11:01 CST 2017]; root of context hierarchy
